[2024-09-13T07:41:07.028+0000] {taskinstance.py:1979} INFO - Dependencies all met for dep_context=non-requeueable deps ti=<TaskInstance: Gold_News_pipeline.scrape_gold_news scheduled__2024-09-08T00:00:00+00:00 [queued]>
[2024-09-13T07:41:07.035+0000] {taskinstance.py:1979} INFO - Dependencies all met for dep_context=requeueable deps ti=<TaskInstance: Gold_News_pipeline.scrape_gold_news scheduled__2024-09-08T00:00:00+00:00 [queued]>
[2024-09-13T07:41:07.035+0000] {taskinstance.py:2193} INFO - Starting attempt 4 of 4
[2024-09-13T07:41:07.048+0000] {taskinstance.py:2217} INFO - Executing <Task(PythonOperator): scrape_gold_news> on 2024-09-08 00:00:00+00:00
[2024-09-13T07:41:07.053+0000] {standard_task_runner.py:60} INFO - Started process 548 to run task
[2024-09-13T07:41:07.055+0000] {standard_task_runner.py:87} INFO - Running: ['***', 'tasks', 'run', 'Gold_News_pipeline', 'scrape_gold_news', 'scheduled__2024-09-08T00:00:00+00:00', '--job-id', '68', '--raw', '--subdir', 'DAGS_FOLDER/gold_news_pipeline.py', '--cfg-path', '/tmp/tmp4sg01o7o']
[2024-09-13T07:41:07.057+0000] {standard_task_runner.py:88} INFO - Job 68: Subtask scrape_gold_news
[2024-09-13T07:41:07.286+0000] {task_command.py:423} INFO - Running <TaskInstance: Gold_News_pipeline.scrape_gold_news scheduled__2024-09-08T00:00:00+00:00 [running]> on host cc504f3f257f
[2024-09-13T07:41:07.339+0000] {taskinstance.py:2513} INFO - Exporting env vars: AIRFLOW_CTX_DAG_OWNER='sdeshan' AIRFLOW_CTX_DAG_ID='Gold_News_pipeline' AIRFLOW_CTX_TASK_ID='scrape_gold_news' AIRFLOW_CTX_EXECUTION_DATE='2024-09-08T00:00:00+00:00' AIRFLOW_CTX_TRY_NUMBER='4' AIRFLOW_CTX_DAG_RUN_ID='scheduled__2024-09-08T00:00:00+00:00'
[2024-09-13T07:41:10.061+0000] {taskinstance.py:2731} ERROR - Task failed with exception
Traceback (most recent call last):
  File "/home/airflow/.local/lib/python3.8/site-packages/airflow/models/taskinstance.py", line 444, in _execute_task
    result = _execute_callable(context=context, **execute_callable_kwargs)
  File "/home/airflow/.local/lib/python3.8/site-packages/airflow/models/taskinstance.py", line 414, in _execute_callable
    return execute_callable(context=context, **execute_callable_kwargs)
  File "/home/airflow/.local/lib/python3.8/site-packages/airflow/operators/python.py", line 200, in execute
    return_value = self.execute_callable()
  File "/home/airflow/.local/lib/python3.8/site-packages/airflow/operators/python.py", line 217, in execute_callable
    return self.python_callable(*self.op_args, **self.op_kwargs)
  File "/opt/airflow/dags/components/gold/news_scraping/post_links_extraction.py", line 47, in scrape_gold_news_urls
    upload_table_gold("gold_news_urls")
  File "/opt/airflow/dags/components/utils/database_table_creation.py", line 29, in upload_table_gold
    cur.execute(f"""
psycopg2.errors.InsufficientPrivilege: could not open file "/var/lib/postgresql/gold/gold_news_urls.csv" for writing: Permission denied
HINT:  COPY TO instructs the PostgreSQL server process to write a file. You may want a client-side facility such as psql's \copy.

[2024-09-13T07:41:10.075+0000] {taskinstance.py:1149} INFO - Marking task as FAILED. dag_id=Gold_News_pipeline, task_id=scrape_gold_news, execution_date=20240908T000000, start_date=20240913T074107, end_date=20240913T074110
[2024-09-13T07:41:10.078+0000] {logging_mixin.py:188} WARNING - /home/***/.local/lib/python3.8/site-packages/***/utils/context.py:207 AirflowContextDeprecationWarning: Accessing 'execution_date' from the template is deprecated and will be removed in a future version. Please use 'data_interval_start' or 'logical_date' instead.
[2024-09-13T07:41:10.083+0000] {logging_mixin.py:188} WARNING - /home/***/.local/lib/python3.8/site-packages/***/utils/email.py:154 RemovedInAirflow3Warning: Fetching SMTP credentials from configuration variables will be deprecated in a future release. Please set credentials using a connection instead.
[2024-09-13T07:41:10.084+0000] {email.py:270} INFO - Email alerting: attempt 1
[2024-09-13T07:41:12.886+0000] {email.py:281} INFO - Sent an alert email to ['deshanariyarathna@gmail.com']
[2024-09-13T07:41:13.777+0000] {taskinstance.py:1127} ERROR - Error when executing failure_email callback
Traceback (most recent call last):
  File "/home/airflow/.local/lib/python3.8/site-packages/airflow/models/taskinstance.py", line 2360, in _run_raw_task
    self._execute_task_with_callbacks(context, test_mode, session=session)
  File "/home/airflow/.local/lib/python3.8/site-packages/airflow/models/taskinstance.py", line 2532, in _execute_task_with_callbacks
    result = self._execute_task(context, task_orig)
  File "/home/airflow/.local/lib/python3.8/site-packages/airflow/models/taskinstance.py", line 2549, in _execute_task
    return _execute_task(self, context, task_orig)
  File "/home/airflow/.local/lib/python3.8/site-packages/airflow/models/taskinstance.py", line 444, in _execute_task
    result = _execute_callable(context=context, **execute_callable_kwargs)
  File "/home/airflow/.local/lib/python3.8/site-packages/airflow/models/taskinstance.py", line 414, in _execute_callable
    return execute_callable(context=context, **execute_callable_kwargs)
  File "/home/airflow/.local/lib/python3.8/site-packages/airflow/operators/python.py", line 200, in execute
    return_value = self.execute_callable()
  File "/home/airflow/.local/lib/python3.8/site-packages/airflow/operators/python.py", line 217, in execute_callable
    return self.python_callable(*self.op_args, **self.op_kwargs)
  File "/opt/airflow/dags/components/gold/news_scraping/post_links_extraction.py", line 47, in scrape_gold_news_urls
    upload_table_gold("gold_news_urls")
  File "/opt/airflow/dags/components/utils/database_table_creation.py", line 29, in upload_table_gold
    cur.execute(f"""
psycopg2.errors.InsufficientPrivilege: could not open file "/var/lib/postgresql/gold/gold_news_urls.csv" for writing: Permission denied
HINT:  COPY TO instructs the PostgreSQL server process to write a file. You may want a client-side facility such as psql's \copy.


During handling of the above exception, another exception occurred:

Traceback (most recent call last):
  File "/home/airflow/.local/lib/python3.8/site-packages/airflow/models/taskinstance.py", line 1124, in _run_finished_callback
    callback(context)
  File "/opt/airflow/dags/components/utils/send_email.py", line 22, in failure_email
    send_email(to = to_email, subject = subject, html_content = body)
  File "/home/airflow/.local/lib/python3.8/site-packages/airflow/utils/email.py", line 80, in send_email
    return backend(
  File "/home/airflow/.local/lib/python3.8/site-packages/airflow/utils/email.py", line 154, in send_email_smtp
    send_mime_email(e_from=mail_from, e_to=recipients, mime_msg=msg, conn_id=conn_id, dryrun=dryrun)
  File "/home/airflow/.local/lib/python3.8/site-packages/airflow/utils/email.py", line 282, in send_mime_email
    smtp_conn.sendmail(e_from, e_to, mime_msg.as_string())
  File "/usr/local/lib/python3.8/smtplib.py", line 900, in sendmail
    (code, resp) = self.data(msg)
  File "/usr/local/lib/python3.8/smtplib.py", line 569, in data
    raise SMTPDataError(code, repl)
smtplib.SMTPDataError: (421, b'4.3.0 Temporary System Problem. Try again later (10). For more information,\n4.3.0 go to\n4.3.0  https://support.google.com/a/answer/3221692 41be03b00d2f7-7db1fddc6casm2766323a12.69 - gsmtp')
[2024-09-13T07:41:13.850+0000] {standard_task_runner.py:107} ERROR - Failed to execute job 68 for task scrape_gold_news (could not open file "/var/lib/postgresql/gold/gold_news_urls.csv" for writing: Permission denied
HINT:  COPY TO instructs the PostgreSQL server process to write a file. You may want a client-side facility such as psql's \copy.
; 548)
[2024-09-13T07:41:13.877+0000] {local_task_job_runner.py:234} INFO - Task exited with return code 1
[2024-09-13T07:41:13.892+0000] {taskinstance.py:3312} INFO - 0 downstream tasks scheduled from follow-on schedule check
